<?xml version="1.0" encoding="UTF-8"?>
<testng-results ignored="0" total="1" passed="1" failed="0" skipped="0">
  <reporter-output>
  </reporter-output>
  <suite started-at="2021-03-04T04:14:09Z" name="Default suite" finished-at="2021-03-04T04:14:18Z" duration-ms="8670">
    <groups>
    </groups>
    <test started-at="2021-03-04T04:14:09Z" name="Default test" finished-at="2021-03-04T04:14:18Z" duration-ms="8670">
      <class name="testLayer.OlxPageTest">
        <test-method signature="getPageTitle()[pri:0, instance:testLayer.OlxPageTest@1dac5ef]" started-at="2021-03-04T04:14:09Z" name="getPageTitle" finished-at="2021-03-04T04:14:18Z" duration-ms="8643" status="PASS">
          <reporter-output>
          </reporter-output>
        </test-method> <!-- getPageTitle -->
      </class> <!-- testLayer.OlxPageTest -->
    </test> <!-- Default test -->
  </suite> <!-- Default suite -->
</testng-results>
